This is pdfTeX, Version 3.14159265-2.6-1.40.16 (TeX Live 2015) (preloaded format=pdflatex 2015.5.24)  12 MAY 2016 23:06
entering extended mode
 restricted \write18 enabled.
 file:line:error style messages enabled.
 %&-line parsing enabled.
**Crypto-Exam-1+2+3-Sheet.tex
(./Crypto-Exam-1+2+3-Sheet.tex
LaTeX2e <2015/01/01>
Babel <3.9l> and hyphenation patterns for 79 languages loaded.
(/usr/local/texlive/2015/texmf-dist/tex/latex/base/article.cls
Document Class: article 2014/09/29 v1.4h Standard LaTeX document class
(/usr/local/texlive/2015/texmf-dist/tex/latex/base/size10.clo
File: size10.clo 2014/09/29 v1.4h Standard LaTeX file (size option)
)
\c@part=\count79
\c@section=\count80
\c@subsection=\count81
\c@subsubsection=\count82
\c@paragraph=\count83
\c@subparagraph=\count84
\c@figure=\count85
\c@table=\count86
\abovecaptionskip=\skip41
\belowcaptionskip=\skip42
\bibindent=\dimen102
)
(/usr/local/texlive/2015/texmf-dist/tex/latex/amsfonts/amssymb.sty
Package: amssymb 2013/01/14 v3.01 AMS font symbols

(/usr/local/texlive/2015/texmf-dist/tex/latex/amsfonts/amsfonts.sty
Package: amsfonts 2013/01/14 v3.01 Basic AMSFonts support
\@emptytoks=\toks14
\symAMSa=\mathgroup4
\symAMSb=\mathgroup5
LaTeX Font Info:    Overwriting math alphabet `\mathfrak' in version `bold'
(Font)                  U/euf/m/n --> U/euf/b/n on input line 106.
))
(/usr/local/texlive/2015/texmf-dist/tex/latex/amsmath/amsmath.sty
Package: amsmath 2013/01/14 v2.14 AMS math features
\@mathmargin=\skip43

For additional information on amsmath, use the `?' option.
(/usr/local/texlive/2015/texmf-dist/tex/latex/amsmath/amstext.sty
Package: amstext 2000/06/29 v2.01

(/usr/local/texlive/2015/texmf-dist/tex/latex/amsmath/amsgen.sty
File: amsgen.sty 1999/11/30 v2.0
\@emptytoks=\toks15
\ex@=\dimen103
))
(/usr/local/texlive/2015/texmf-dist/tex/latex/amsmath/amsbsy.sty
Package: amsbsy 1999/11/29 v1.2d
\pmbraise@=\dimen104
)
(/usr/local/texlive/2015/texmf-dist/tex/latex/amsmath/amsopn.sty
Package: amsopn 1999/12/14 v2.01 operator names
)
\inf@bad=\count87
LaTeX Info: Redefining \frac on input line 210.
\uproot@=\count88
\leftroot@=\count89
LaTeX Info: Redefining \overline on input line 306.
\classnum@=\count90
\DOTSCASE@=\count91
LaTeX Info: Redefining \ldots on input line 378.
LaTeX Info: Redefining \dots on input line 381.
LaTeX Info: Redefining \cdots on input line 466.
\Mathstrutbox@=\box26
\strutbox@=\box27
\big@size=\dimen105
LaTeX Font Info:    Redeclaring font encoding OML on input line 566.
LaTeX Font Info:    Redeclaring font encoding OMS on input line 567.
\macc@depth=\count92
\c@MaxMatrixCols=\count93
\dotsspace@=\muskip10
\c@parentequation=\count94
\dspbrk@lvl=\count95
\tag@help=\toks16
\row@=\count96
\column@=\count97
\maxfields@=\count98
\andhelp@=\toks17
\eqnshift@=\dimen106
\alignsep@=\dimen107
\tagshift@=\dimen108
\tagwidth@=\dimen109
\totwidth@=\dimen110
\lineht@=\dimen111
\@envbody=\toks18
\multlinegap=\skip44
\multlinetaggap=\skip45
\mathdisplay@stack=\toks19
LaTeX Info: Redefining \[ on input line 2665.
LaTeX Info: Redefining \] on input line 2666.
)
(/usr/local/texlive/2015/texmf-dist/tex/latex/amscls/amsthm.sty
Package: amsthm 2015/03/04 v2.20.2
\thm@style=\toks20
\thm@bodyfont=\toks21
\thm@headfont=\toks22
\thm@notefont=\toks23
\thm@headpunct=\toks24
\thm@preskip=\skip46
\thm@postskip=\skip47
\thm@headsep=\skip48
\dth@everypar=\toks25
)
(/usr/local/texlive/2015/texmf-dist/tex/latex/cancel/cancel.sty
Package: cancel 2013/04/12 v2.2 Cancel math terms
)
(/usr/local/texlive/2015/texmf-dist/tex/latex/tools/multicol.sty
Package: multicol 2015/03/31 v1.8m multicolumn formatting (FMi)
\c@tracingmulticols=\count99
\mult@box=\box28
\multicol@leftmargin=\dimen112
\c@unbalance=\count100
\c@collectmore=\count101
\doublecol@number=\count102
\multicoltolerance=\count103
\multicolpretolerance=\count104
\full@width=\dimen113
\page@free=\dimen114
\premulticols=\dimen115
\postmulticols=\dimen116
\multicolsep=\skip49
\multicolbaselineskip=\skip50
\partial@page=\box29
\last@line=\box30
\maxbalancingoverflow=\dimen117
\mult@rightbox=\box31
\mult@grightbox=\box32
\mult@gfirstbox=\box33
\mult@firstbox=\box34
\@tempa=\box35
\@tempa=\box36
\@tempa=\box37
\@tempa=\box38
\@tempa=\box39
\@tempa=\box40
\@tempa=\box41
\@tempa=\box42
\@tempa=\box43
\@tempa=\box44
\@tempa=\box45
\@tempa=\box46
\@tempa=\box47
\@tempa=\box48
\@tempa=\box49
\@tempa=\box50
\@tempa=\box51
\c@columnbadness=\count105
\c@finalcolumnbadness=\count106
\last@try=\dimen118
\multicolovershoot=\dimen119
\multicolundershoot=\dimen120
\mult@nat@firstbox=\box52
\colbreak@box=\box53
\mc@col@check@num=\count107
)
(/usr/local/texlive/2015/texmf-dist/tex/generic/ulem/ulem.sty
\UL@box=\box54
\UL@hyphenbox=\box55
\UL@skip=\skip51
\UL@hook=\toks26
\UL@height=\dimen121
\UL@pe=\count108
\UL@pixel=\dimen122
\ULC@box=\box56
Package: ulem 2012/05/18
\ULdepth=\dimen123
)
(/usr/local/texlive/2015/texmf-dist/tex/latex/geometry/geometry.sty
Package: geometry 2010/09/12 v5.6 Page Geometry

(/usr/local/texlive/2015/texmf-dist/tex/latex/graphics/keyval.sty
Package: keyval 2014/10/28 v1.15 key=value parser (DPC)
\KV@toks@=\toks27
)
(/usr/local/texlive/2015/texmf-dist/tex/generic/oberdiek/ifpdf.sty
Package: ifpdf 2011/01/30 v2.3 Provides the ifpdf switch (HO)
Package ifpdf Info: pdfTeX in PDF mode is detected.
)
(/usr/local/texlive/2015/texmf-dist/tex/generic/oberdiek/ifvtex.sty
Package: ifvtex 2010/03/01 v1.5 Detect VTeX and its facilities (HO)
Package ifvtex Info: VTeX not detected.
)
(/usr/local/texlive/2015/texmf-dist/tex/generic/ifxetex/ifxetex.sty
Package: ifxetex 2010/09/12 v0.6 Provides ifxetex conditional
)
\Gm@cnth=\count109
\Gm@cntv=\count110
\c@Gm@tempcnt=\count111
\Gm@bindingoffset=\dimen124
\Gm@wd@mp=\dimen125
\Gm@odd@mp=\dimen126
\Gm@even@mp=\dimen127
\Gm@layoutwidth=\dimen128
\Gm@layoutheight=\dimen129
\Gm@layouthoffset=\dimen130
\Gm@layoutvoffset=\dimen131
\Gm@dimlist=\toks28
)
(./Crypto-Exam-1+2+3-Sheet.aux)
\openout1 = `Crypto-Exam-1+2+3-Sheet.aux'.

LaTeX Font Info:    Checking defaults for OML/cmm/m/it on input line 113.
LaTeX Font Info:    ... okay on input line 113.
LaTeX Font Info:    Checking defaults for T1/cmr/m/n on input line 113.
LaTeX Font Info:    ... okay on input line 113.
LaTeX Font Info:    Checking defaults for OT1/cmr/m/n on input line 113.
LaTeX Font Info:    ... okay on input line 113.
LaTeX Font Info:    Checking defaults for OMS/cmsy/m/n on input line 113.
LaTeX Font Info:    ... okay on input line 113.
LaTeX Font Info:    Checking defaults for OMX/cmex/m/n on input line 113.
LaTeX Font Info:    ... okay on input line 113.
LaTeX Font Info:    Checking defaults for U/cmr/m/n on input line 113.
LaTeX Font Info:    ... okay on input line 113.

*geometry* driver: auto-detecting
*geometry* detected driver: pdftex
*geometry* verbose mode - [ preamble ] result:
* driver: pdftex
* paper: letterpaper
* layout: <same size as paper>
* layoutoffset:(h,v)=(0.0pt,0.0pt)
* modes: 
* h-part:(L,W,R)=(18.06749pt, 578.16002pt, 18.06749pt)
* v-part:(T,H,B)=(18.06749pt, 758.835pt, 18.06749pt)
* \paperwidth=614.295pt
* \paperheight=794.96999pt
* \textwidth=578.16002pt
* \textheight=758.835pt
* \oddsidemargin=-54.2025pt
* \evensidemargin=-54.2025pt
* \topmargin=-91.2025pt
* \headheight=12.0pt
* \headsep=25.0pt
* \topskip=10.0pt
* \footskip=30.0pt
* \marginparwidth=65.0pt
* \marginparsep=11.0pt
* \columnsep=10.0pt
* \skip\footins=9.0pt plus 4.0pt minus 2.0pt
* \hoffset=0.0pt
* \voffset=0.0pt
* \mag=1000
* \@twocolumnfalse
* \@twosidefalse
* \@mparswitchfalse
* \@reversemarginfalse
* (1in=72.27pt=25.4mm, 1cm=28.453pt)

LaTeX Font Info:    Try loading font information for U+msa on input line 119.
(/usr/local/texlive/2015/texmf-dist/tex/latex/amsfonts/umsa.fd
File: umsa.fd 2013/01/14 v3.01 AMS symbols A
)
LaTeX Font Info:    Try loading font information for U+msb on input line 119.

(/usr/local/texlive/2015/texmf-dist/tex/latex/amsfonts/umsb.fd
File: umsb.fd 2013/01/14 v3.01 AMS symbols B
)
Underfull \hbox (badness 10000) in paragraph at lines 119--120
[]\OT1/cmr/bx/n/8 Definition: $[]$\OT1/cmr/m/n/8 :
 []


Underfull \hbox (badness 10000) in paragraph at lines 125--126
[]\OT1/cmr/bx/n/8 Theorem: $[]$\OT1/cmr/m/n/8 : $[][\OML/cmm/m/it/8 A\OMS/cmsy/
m/n/8 j\OML/cmm/m/it/8 B\OT1/cmr/m/n/8 ] =
 []


Underfull \hbox (badness 10000) in paragraph at lines 127--128
[]\OT1/cmr/bx/n/8 Definition: $[]$\OT1/cmr/m/n/8 : An en-cryp-tion
 []


Underfull \hbox (badness 10000) in paragraph at lines 129--130
[]\OT1/cmr/bx/n/8 Definition: $[]$\OT1/cmr/m/n/8 : (Ad-ver-sar-ial In-dis-tin-
 []


Underfull \hbox (badness 10000) in paragraph at lines 141--142
[]\OT1/cmr/bx/n/8 Theorem: $[]$\OT1/cmr/m/n/8 : Let
 []


Underfull \hbox (badness 10000) in paragraph at lines 143--144
[]\OT1/cmr/bx/n/8 Definition: $[]$\OT1/cmr/m/n/8 A cryp-to-graphic scheme is
 []


Underfull \hbox (badness 10000) in paragraph at lines 145--146
[]\OT1/cmr/bx/n/8 Definition: $[]$ \OT1/cmr/m/n/8 (Prob-a-bilis-tic Poly-no-mia
l
 []


Underfull \hbox (badness 10000) in paragraph at lines 189--190
[]\OT1/cmr/bx/n/8 Definition: $[]$\OT1/cmr/m/n/8 : Same as
 []


Underfull \hbox (badness 10000) in paragraph at lines 199--200
\OT1/cmr/m/n/8 An ef-fi-cient, length-preserving keyed func-
 []


Underfull \hbox (badness 10000) in paragraph at lines 199--200
[]$ $[] \OMS/cmsy/m/n/8 ^^T
 []


Underfull \hbox (badness 6220) in paragraph at lines 207--208
\OT1/cmr/m/n/8 keyed per-mu-ta-tion such that for all PPT
 []


Underfull \hbox (badness 10000) in paragraph at lines 207--208
\OT1/cmr/m/n/8 dis-tin-guish-ers $\OML/cmm/m/it/8 D$\OT1/cmr/m/n/8 , $[]$
 []


Underfull \hbox (badness 7238) in paragraph at lines 207--208
[] \OMS/cmsy/m/n/8 ^^T []\OT1/cmr/m/n/8 (\OML/cmm/m/it/8 n\OT1/cmr/m/n/8 )$, wh
ere
 []

[1

{/usr/local/texlive/2015/texmf-var/fonts/map/pdftex/updmap/pdftex.map}]
Underfull \hbox (badness 6510) in paragraph at lines 229--230
[]\OT1/cmr/bx/n/8 Definition: $[]$\OT1/cmr/m/n/8 : An en-cryp-tion
 []


Underfull \hbox (badness 10000) in paragraph at lines 231--232
[]\OT1/cmr/bx/n/8 Definition: $[]$ \OT1/cmr/m/n/8 (Mes-sage Au-then-ti-ca-tion
 []


Underfull \hbox (badness 10000) in paragraph at lines 277--278
[]\OT1/cmr/bx/n/8 Construction: $[]$ $[]$\OT1/cmr/m/n/8 :
 []


Underfull \hbox (badness 10000) in paragraph at lines 279--280
[]\OT1/cmr/bx/n/8 Construction: $[]$ $[]$\OT1/cmr/m/n/8 :
 []


Underfull \hbox (badness 10000) in paragraph at lines 321--322
[]\OT1/cmr/bx/n/8 Construction: $[]$\OT1/cmr/m/n/8 : Let $^^E =
 []


Underfull \hbox (badness 10000) in paragraph at lines 321--322
\OT1/cmr/m/n/8 put length $\OML/cmm/m/it/8 `\OT1/cmr/m/n/8 (\OML/cmm/m/it/8 n\O
T1/cmr/m/n/8 )$. Con-struct MAC $^^E[] =
 []

[2]
Underfull \hbox (badness 10000) in paragraph at lines 325--326
\OT1/cmr/m/n/8 Merkle-Damg^^Ward-generated hash func-tion on
 []


Underfull \hbox (badness 6063) in paragraph at lines 341--342
[]\OT1/cmr/bx/n/8 Definition: $[]$\OT1/cmr/m/n/8 : Pro-cess by
 []

[3]
Underfull \hbox (badness 5563) in paragraph at lines 405--406
[]\OT1/cmr/bx/n/8 Theorem: $[]$\OT1/cmr/m/n/8 : As-sume one-way
 []


Underfull \hbox (badness 6461) in paragraph at lines 479--480
[]\OT1/cmr/bx/n/8 Definition: $[]$\OT1/cmr/m/n/8 : The mul-ti-plica-tive abelia
n
 []


Underfull \hbox (badness 6592) in paragraph at lines 503--504
[]\OT1/cmr/bx/n/8 Definition: $[]$\OT1/cmr/m/n/8 : An al-go-rithm
 []

[4]
Underfull \hbox (badness 10000) in paragraph at lines 569--570
[]\OT1/cmr/bx/n/8 Construction: $[]$\OT1/cmr/m/n/8 : Al-ice gets
 []


Underfull \hbox (badness 10000) in paragraph at lines 605--606
[]\OT1/cmr/bx/n/8 Definition: $[]$ \OT1/cmr/m/n/8 (Key En-cap-su-la-tion
 []


Underfull \hbox (badness 10000) in paragraph at lines 605--606
\OT1/cmr/m/n/8 Mech-a-nism): A tu-ple of PPT al-go-rithms
 []


Underfull \hbox (badness 10000) in paragraph at lines 611--612
[]\OT1/cmr/bx/n/8 Definition: $[]$\OT1/cmr/m/n/8 : A key-
 []


Underfull \hbox (badness 10000) in paragraph at lines 617--618
[]\OT1/cmr/bx/n/8 Definition: $[]$\OT1/cmr/m/n/8 : A key-
 []

[5]
Underfull \hbox (badness 10000) in paragraph at lines 651--652
[]\OT1/cmr/bx/n/8 Definition: $[]$\OT1/cmr/m/n/8 : (The RSA
 []


Underfull \hbox (badness 10000) in paragraph at lines 665--666
[]\OT1/cmr/bx/n/8 Construction: $[]$\OT1/cmr/m/n/8 : (In the
 []


Underfull \hbox (badness 10000) in paragraph at lines 677--678
[]\OT1/cmr/bx/n/8 Construction: $[]$\OT1/cmr/m/n/8 : Let $^^E =
 []


Underfull \hbox (badness 10000) in paragraph at lines 681--682
[]\OT1/cmr/bx/n/8 Construction: $[]$\OT1/cmr/m/n/8 : Let
 []

[6] (./Crypto-Exam-1+2+3-Sheet.aux) ) 
Here is how much of TeX's memory you used:
 2025 strings out of 493089
 24859 string characters out of 6134842
 153179 words of memory out of 5000000
 5512 multiletter control sequences out of 15000+600000
 9556 words of font info for 38 fonts, out of 8000000 for 9000
 1141 hyphenation exceptions out of 8191
 27i,8n,26p,1185b,238s stack positions out of 5000i,500n,10000p,200000b,80000s
</usr/local/texlive/2015/texmf-dist/fonts/
type1/public/amsfonts/cm/cmbx8.pfb></usr/local/texlive/2015/texmf-dist/fonts/ty
pe1/public/amsfonts/cmextra/cmex8.pfb></usr/local/texlive/2015/texmf-dist/fonts
/type1/public/amsfonts/cm/cmmi5.pfb></usr/local/texlive/2015/texmf-dist/fonts/t
ype1/public/amsfonts/cm/cmmi6.pfb></usr/local/texlive/2015/texmf-dist/fonts/typ
e1/public/amsfonts/cm/cmmi8.pfb></usr/local/texlive/2015/texmf-dist/fonts/type1
/public/amsfonts/cm/cmr5.pfb></usr/local/texlive/2015/texmf-dist/fonts/type1/pu
blic/amsfonts/cm/cmr6.pfb></usr/local/texlive/2015/texmf-dist/fonts/type1/publi
c/amsfonts/cm/cmr8.pfb></usr/local/texlive/2015/texmf-dist/fonts/type1/public/a
msfonts/cm/cmss8.pfb></usr/local/texlive/2015/texmf-dist/fonts/type1/public/ams
fonts/cm/cmsy5.pfb></usr/local/texlive/2015/texmf-dist/fonts/type1/public/amsfo
nts/cm/cmsy6.pfb></usr/local/texlive/2015/texmf-dist/fonts/type1/public/amsfont
s/cm/cmsy8.pfb></usr/local/texlive/2015/texmf-dist/fonts/type1/public/amsfonts/
cm/cmti8.pfb></usr/local/texlive/2015/texmf-dist/fonts/type1/public/amsfonts/cm
/cmtt8.pfb></usr/local/texlive/2015/texmf-dist/fonts/type1/public/amsfonts/symb
ols/msbm10.pfb></usr/local/texlive/2015/texmf-dist/fonts/type1/public/amsfonts/
symbols/msbm7.pfb>
Output written on Crypto-Exam-1+2+3-Sheet.pdf (6 pages, 256765 bytes).
PDF statistics:
 87 PDF objects out of 1000 (max. 8388607)
 62 compressed objects within 1 object stream
 0 named destinations out of 1000 (max. 500000)
 1 words of extra memory for PDF output out of 10000 (max. 10000000)

