This is pdfTeX, Version 3.14159265-2.6-1.40.16 (TeX Live 2015) (preloaded format=pdflatex 2015.5.24)  10 APR 2016 23:54
entering extended mode
 restricted \write18 enabled.
 file:line:error style messages enabled.
 %&-line parsing enabled.
**"Crypto Exam 2 Sheet.tex"
(./Crypto Exam 2 Sheet.tex
LaTeX2e <2015/01/01>
Babel <3.9l> and hyphenation patterns for 79 languages loaded.
(/usr/local/texlive/2015/texmf-dist/tex/latex/base/article.cls
Document Class: article 2014/09/29 v1.4h Standard LaTeX document class
(/usr/local/texlive/2015/texmf-dist/tex/latex/base/size10.clo
File: size10.clo 2014/09/29 v1.4h Standard LaTeX file (size option)
)
\c@part=\count79
\c@section=\count80
\c@subsection=\count81
\c@subsubsection=\count82
\c@paragraph=\count83
\c@subparagraph=\count84
\c@figure=\count85
\c@table=\count86
\abovecaptionskip=\skip41
\belowcaptionskip=\skip42
\bibindent=\dimen102
)
(/usr/local/texlive/2015/texmf-dist/tex/latex/amsfonts/amssymb.sty
Package: amssymb 2013/01/14 v3.01 AMS font symbols

(/usr/local/texlive/2015/texmf-dist/tex/latex/amsfonts/amsfonts.sty
Package: amsfonts 2013/01/14 v3.01 Basic AMSFonts support
\@emptytoks=\toks14
\symAMSa=\mathgroup4
\symAMSb=\mathgroup5
LaTeX Font Info:    Overwriting math alphabet `\mathfrak' in version `bold'
(Font)                  U/euf/m/n --> U/euf/b/n on input line 106.
))
(/usr/local/texlive/2015/texmf-dist/tex/latex/amsmath/amsmath.sty
Package: amsmath 2013/01/14 v2.14 AMS math features
\@mathmargin=\skip43

For additional information on amsmath, use the `?' option.
(/usr/local/texlive/2015/texmf-dist/tex/latex/amsmath/amstext.sty
Package: amstext 2000/06/29 v2.01

(/usr/local/texlive/2015/texmf-dist/tex/latex/amsmath/amsgen.sty
File: amsgen.sty 1999/11/30 v2.0
\@emptytoks=\toks15
\ex@=\dimen103
))
(/usr/local/texlive/2015/texmf-dist/tex/latex/amsmath/amsbsy.sty
Package: amsbsy 1999/11/29 v1.2d
\pmbraise@=\dimen104
)
(/usr/local/texlive/2015/texmf-dist/tex/latex/amsmath/amsopn.sty
Package: amsopn 1999/12/14 v2.01 operator names
)
\inf@bad=\count87
LaTeX Info: Redefining \frac on input line 210.
\uproot@=\count88
\leftroot@=\count89
LaTeX Info: Redefining \overline on input line 306.
\classnum@=\count90
\DOTSCASE@=\count91
LaTeX Info: Redefining \ldots on input line 378.
LaTeX Info: Redefining \dots on input line 381.
LaTeX Info: Redefining \cdots on input line 466.
\Mathstrutbox@=\box26
\strutbox@=\box27
\big@size=\dimen105
LaTeX Font Info:    Redeclaring font encoding OML on input line 566.
LaTeX Font Info:    Redeclaring font encoding OMS on input line 567.
\macc@depth=\count92
\c@MaxMatrixCols=\count93
\dotsspace@=\muskip10
\c@parentequation=\count94
\dspbrk@lvl=\count95
\tag@help=\toks16
\row@=\count96
\column@=\count97
\maxfields@=\count98
\andhelp@=\toks17
\eqnshift@=\dimen106
\alignsep@=\dimen107
\tagshift@=\dimen108
\tagwidth@=\dimen109
\totwidth@=\dimen110
\lineht@=\dimen111
\@envbody=\toks18
\multlinegap=\skip44
\multlinetaggap=\skip45
\mathdisplay@stack=\toks19
LaTeX Info: Redefining \[ on input line 2665.
LaTeX Info: Redefining \] on input line 2666.
)
(/usr/local/texlive/2015/texmf-dist/tex/latex/amscls/amsthm.sty
Package: amsthm 2015/03/04 v2.20.2
\thm@style=\toks20
\thm@bodyfont=\toks21
\thm@headfont=\toks22
\thm@notefont=\toks23
\thm@headpunct=\toks24
\thm@preskip=\skip46
\thm@postskip=\skip47
\thm@headsep=\skip48
\dth@everypar=\toks25
)
(/usr/local/texlive/2015/texmf-dist/tex/latex/cancel/cancel.sty
Package: cancel 2013/04/12 v2.2 Cancel math terms
)
(/usr/local/texlive/2015/texmf-dist/tex/latex/tools/multicol.sty
Package: multicol 2015/03/31 v1.8m multicolumn formatting (FMi)
\c@tracingmulticols=\count99
\mult@box=\box28
\multicol@leftmargin=\dimen112
\c@unbalance=\count100
\c@collectmore=\count101
\doublecol@number=\count102
\multicoltolerance=\count103
\multicolpretolerance=\count104
\full@width=\dimen113
\page@free=\dimen114
\premulticols=\dimen115
\postmulticols=\dimen116
\multicolsep=\skip49
\multicolbaselineskip=\skip50
\partial@page=\box29
\last@line=\box30
\maxbalancingoverflow=\dimen117
\mult@rightbox=\box31
\mult@grightbox=\box32
\mult@gfirstbox=\box33
\mult@firstbox=\box34
\@tempa=\box35
\@tempa=\box36
\@tempa=\box37
\@tempa=\box38
\@tempa=\box39
\@tempa=\box40
\@tempa=\box41
\@tempa=\box42
\@tempa=\box43
\@tempa=\box44
\@tempa=\box45
\@tempa=\box46
\@tempa=\box47
\@tempa=\box48
\@tempa=\box49
\@tempa=\box50
\@tempa=\box51
\c@columnbadness=\count105
\c@finalcolumnbadness=\count106
\last@try=\dimen118
\multicolovershoot=\dimen119
\multicolundershoot=\dimen120
\mult@nat@firstbox=\box52
\colbreak@box=\box53
\mc@col@check@num=\count107
)
(/usr/local/texlive/2015/texmf-dist/tex/latex/geometry/geometry.sty
Package: geometry 2010/09/12 v5.6 Page Geometry

(/usr/local/texlive/2015/texmf-dist/tex/latex/graphics/keyval.sty
Package: keyval 2014/10/28 v1.15 key=value parser (DPC)
\KV@toks@=\toks26
)
(/usr/local/texlive/2015/texmf-dist/tex/generic/oberdiek/ifpdf.sty
Package: ifpdf 2011/01/30 v2.3 Provides the ifpdf switch (HO)
Package ifpdf Info: pdfTeX in PDF mode is detected.
)
(/usr/local/texlive/2015/texmf-dist/tex/generic/oberdiek/ifvtex.sty
Package: ifvtex 2010/03/01 v1.5 Detect VTeX and its facilities (HO)
Package ifvtex Info: VTeX not detected.
)
(/usr/local/texlive/2015/texmf-dist/tex/generic/ifxetex/ifxetex.sty
Package: ifxetex 2010/09/12 v0.6 Provides ifxetex conditional
)
\Gm@cnth=\count108
\Gm@cntv=\count109
\c@Gm@tempcnt=\count110
\Gm@bindingoffset=\dimen121
\Gm@wd@mp=\dimen122
\Gm@odd@mp=\dimen123
\Gm@even@mp=\dimen124
\Gm@layoutwidth=\dimen125
\Gm@layoutheight=\dimen126
\Gm@layouthoffset=\dimen127
\Gm@layoutvoffset=\dimen128
\Gm@dimlist=\toks27
)
(./Crypto Exam 2 Sheet.aux)
\openout1 = `"Crypto Exam 2 Sheet.aux"'.

LaTeX Font Info:    Checking defaults for OML/cmm/m/it on input line 80.
LaTeX Font Info:    ... okay on input line 80.
LaTeX Font Info:    Checking defaults for T1/cmr/m/n on input line 80.
LaTeX Font Info:    ... okay on input line 80.
LaTeX Font Info:    Checking defaults for OT1/cmr/m/n on input line 80.
LaTeX Font Info:    ... okay on input line 80.
LaTeX Font Info:    Checking defaults for OMS/cmsy/m/n on input line 80.
LaTeX Font Info:    ... okay on input line 80.
LaTeX Font Info:    Checking defaults for OMX/cmex/m/n on input line 80.
LaTeX Font Info:    ... okay on input line 80.
LaTeX Font Info:    Checking defaults for U/cmr/m/n on input line 80.
LaTeX Font Info:    ... okay on input line 80.

*geometry* driver: auto-detecting
*geometry* detected driver: pdftex
*geometry* verbose mode - [ preamble ] result:
* driver: pdftex
* paper: letterpaper
* layout: <same size as paper>
* layoutoffset:(h,v)=(0.0pt,0.0pt)
* modes: 
* h-part:(L,W,R)=(18.06749pt, 578.16002pt, 18.06749pt)
* v-part:(T,H,B)=(18.06749pt, 758.835pt, 18.06749pt)
* \paperwidth=614.295pt
* \paperheight=794.96999pt
* \textwidth=578.16002pt
* \textheight=758.835pt
* \oddsidemargin=-54.2025pt
* \evensidemargin=-54.2025pt
* \topmargin=-91.2025pt
* \headheight=12.0pt
* \headsep=25.0pt
* \topskip=10.0pt
* \footskip=30.0pt
* \marginparwidth=65.0pt
* \marginparsep=11.0pt
* \columnsep=10.0pt
* \skip\footins=9.0pt plus 4.0pt minus 2.0pt
* \hoffset=0.0pt
* \voffset=0.0pt
* \mag=1000
* \@twocolumnfalse
* \@twosidefalse
* \@mparswitchfalse
* \@reversemarginfalse
* (1in=72.27pt=25.4mm, 1cm=28.453pt)

LaTeX Font Info:    Try loading font information for U+msa on input line 85.
(/usr/local/texlive/2015/texmf-dist/tex/latex/amsfonts/umsa.fd
File: umsa.fd 2013/01/14 v3.01 AMS symbols A
)
LaTeX Font Info:    Try loading font information for U+msb on input line 85.

(/usr/local/texlive/2015/texmf-dist/tex/latex/amsfonts/umsb.fd
File: umsb.fd 2013/01/14 v3.01 AMS symbols B
)
Underfull \hbox (badness 10000) in paragraph at lines 85--86
[]\OT1/cmr/bx/n/7 Definition: $[]$\OT1/cmr/m/n/7 : Run
 []


Underfull \hbox (badness 10000) in paragraph at lines 87--88
\OT1/cmr/m/n/7 key en-cryp-tion scheme $^^E$ such
 []


Underfull \hbox (badness 7576) in paragraph at lines 87--88
\OT1/cmr/m/n/7 that for all PPT ad-ver-saries $\OMS/cmsy/m/n/7 A$\OT1/cmr/m/n/7
 ,
 []


Underfull \hbox (badness 10000) in paragraph at lines 91--92
[]\OT1/cmr/bx/n/7 Construction: $[]$
 []


Underfull \hbox (badness 10000) in paragraph at lines 93--94
[]\OT1/cmr/bx/n/7 Construction: $[]$
 []


Underfull \hbox (badness 10000) in paragraph at lines 95--96
[]\OT1/cmr/bx/n/7 Construction: $[]$
 []


Underfull \hbox (badness 10000) in paragraph at lines 95--96
\OT1/cmr/m/n/7 and $\OML/cmm/m/it/7 t \OMS/cmsy/m/n/7   [][]\OT1/cmr/m/n/7 (\OM
L/cmm/m/it/7 m\OT1/cmr/m/n/7 )$. The re-
 []


Underfull \hbox (badness 6542) in paragraph at lines 95--96
\OT1/cmr/m/n/7 en-cryp-tion scheme (As-sum-ing that
 []


Underfull \hbox (badness 10000) in paragraph at lines 123--124
[]\OT1/cmr/bx/n/7 Definition: $[]$
 []


Underfull \hbox (badness 5756) in paragraph at lines 125--126
[]\OT1/cmr/bx/n/7 Definition: $[]$\OT1/cmr/m/n/7 : $\OML/cmm/m/it/7 s \OMS/cmsy
/m/n/7  
 []


Underfull \hbox (badness 10000) in paragraph at lines 127--128
[]\OT1/cmr/bx/n/7 Definition: $[]$\OT1/cmr/m/n/7 : A
 []


Underfull \hbox (badness 7576) in paragraph at lines 127--128
\OT1/cmr/m/n/7 that for all PPT ad-ver-saries $\OMS/cmsy/m/n/7 A$\OT1/cmr/m/n/7
 ,
 []


Overfull \hbox (1.78305pt too wide) in paragraph at lines 129--130
[]\OT1/cmr/bx/n/7 Definition: $[]$
 []


Underfull \hbox (badness 10000) in paragraph at lines 131--132
[]\OT1/cmr/bx/n/7 Definition: $[]$\OT1/cmr/m/n/7 : A
 []


Underfull \hbox (badness 5578) in paragraph at lines 141--142
\OT1/cmr/m/n/7 put key $\OMS/cmsy/m/n/7 h\OML/cmm/m/it/7 s; k\OMS/cmsy/m/n/7 i$
\OT1/cmr/m/n/7 . $[]$: Given $\OMS/cmsy/m/n/7 h\OML/cmm/m/it/7 s; k\OMS/cmsy/m/
n/7 i$
 []


Underfull \hbox (badness 10000) in paragraph at lines 141--142
\OML/cmm/m/it/7 H[] []$\OT1/cmr/m/n/7 .
 []


Underfull \hbox (badness 10000) in paragraph at lines 149--150
[]\OT1/cmr/bx/n/7 Construction: $[]$\OT1/cmr/m/n/7 :
 []


Underfull \hbox (badness 10000) in paragraph at lines 149--150
\OT1/cmr/m/n/7 (small space). Start with ran-
 []


Underfull \hbox (badness 7344) in paragraph at lines 149--150
\OT1/cmr/m/n/7 ever equal, col-li-sion has oc-curred
 []


Underfull \hbox (badness 10000) in paragraph at lines 149--150
\OT1/cmr/m/n/7 in $\OML/cmm/m/it/7 x[]; [] ; x[]$\OT1/cmr/m/n/7 . Cal-cu-late e
ach
 []


Underfull \hbox (badness 10000) in paragraph at lines 151--152
[]\OT1/cmr/bx/n/7 Definition: $[]$\OT1/cmr/m/n/7 :
 []


Underfull \hbox (badness 10000) in paragraph at lines 193--194
[]\OT1/cmr/bx/n/7 Definition: $[]$\OT1/cmr/m/n/7 :
 []


Underfull \hbox (badness 10000) in paragraph at lines 193--194
\OT1/cmr/m/n/7 Us-ing 3 keys, $\OML/cmm/m/it/7 F[]\OT1/cmr/m/n/7 (\OML/cmm/m/it
/7 x\OT1/cmr/m/n/7 ) :=
 []


Underfull \hbox (badness 10000) in paragraph at lines 193--194
\OML/cmm/m/it/7 F[]\OT1/cmr/m/n/7 (\OML/cmm/m/it/7 F[]\OT1/cmr/m/n/7 (\OML/cmm/
m/it/7 F[]\OT1/cmr/m/n/7 (\OML/cmm/m/it/7 x\OT1/cmr/m/n/7 )))$. Us-ing only 2,
 []


Underfull \hbox (badness 10000) in paragraph at lines 193--194
\OML/cmm/m/it/7 F[]\OT1/cmr/m/n/7 (\OML/cmm/m/it/7 x\OT1/cmr/m/n/7 ) := \OML/cm
m/m/it/7 F[]\OT1/cmr/m/n/7 (\OML/cmm/m/it/7 F[]\OT1/cmr/m/n/7 (\OML/cmm/m/it/7 
F[]\OT1/cmr/m/n/7 (\OML/cmm/m/it/7 x\OT1/cmr/m/n/7 )))$.
 []

[1

{/usr/local/texlive/2015/texmf-var/fonts/map/pdftex/updmap/pdftex.map}]
Underfull \hbox (badness 10000) in paragraph at lines 197--198
[]\OT1/cmr/bx/n/7 Definition: $[]$\OT1/cmr/m/n/7 : A
 []


Underfull \hbox (badness 10000) in paragraph at lines 211--212
[]\OT1/cmr/bx/n/7 Definition: $[]$\OT1/cmr/m/n/7 : A
 []


Underfull \hbox (badness 10000) in paragraph at lines 231--232
[]\OT1/cmr/bx/n/7 Theorem: $[]$\OT1/cmr/m/n/7 Let $\OML/cmm/m/it/7 f$ \OT1/cmr/
m/n/7 and $[]$ be
 []


Underfull \hbox (badness 10000) in paragraph at lines 231--232
\OT1/cmr/m/n/7 as above. If $\OMS/cmsy/m/n/7 9$ \OT1/cmr/m/n/7 a PPT $\OMS/cmsy
/m/n/7 A$
 []


Underfull \hbox (badness 10000) in paragraph at lines 231--232
\OT1/cmr/m/n/7 and poly-no-mial $\OML/cmm/m/it/7 p\OT1/cmr/m/n/7 (\OMS/cmsy/m/n
/7 ^^A\OT1/cmr/m/n/7 )$ such that
 []


Underfull \hbox (badness 10000) in paragraph at lines 231--232
[] [] \OMS/cmsy/m/n/7 ^^U
 []


Underfull \hbox (badness 5741) in paragraph at lines 237--238
\OT1/cmr/m/n/7 For $\OML/cmm/m/it/7 x \OMS/cmsy/m/n/7 2 f\OT1/cmr/m/n/7 0\OML/c
mm/m/it/7 ; \OT1/cmr/m/n/7 1\OMS/cmsy/m/n/7 g[]$\OT1/cmr/m/n/7 , de-fine $\OML/
cmm/m/it/7 F[] \OT1/cmr/m/n/7 :
 []


Underfull \hbox (badness 10000) in paragraph at lines 285--286
[]\OT1/cmr/bx/n/7 Definition: $[]$\OT1/cmr/m/n/7 : The ad-di-tive
 []

[2] (./Crypto Exam 2 Sheet.aux) ) 
Here is how much of TeX's memory you used:
 1892 strings out of 493089
 23568 string characters out of 6134842
 154347 words of memory out of 5000000
 5393 multiletter control sequences out of 15000+600000
 6526 words of font info for 26 fonts, out of 8000000 for 9000
 1141 hyphenation exceptions out of 8191
 27i,9n,26p,1030b,225s stack positions out of 5000i,500n,10000p,200000b,80000s
</usr/local/texlive/2015/texmf-dist/fonts/type
1/public/amsfonts/cm/cmbx7.pfb></usr/local/texlive/2015/texmf-dist/fonts/type1/
public/amsfonts/cmextra/cmex7.pfb></usr/local/texlive/2015/texmf-dist/fonts/typ
e1/public/amsfonts/cm/cmmi5.pfb></usr/local/texlive/2015/texmf-dist/fonts/type1
/public/amsfonts/cm/cmmi7.pfb></usr/local/texlive/2015/texmf-dist/fonts/type1/p
ublic/amsfonts/cm/cmr5.pfb></usr/local/texlive/2015/texmf-dist/fonts/type1/publ
ic/amsfonts/cm/cmr7.pfb></usr/local/texlive/2015/texmf-dist/fonts/type1/public/
amsfonts/cm/cmss8.pfb></usr/local/texlive/2015/texmf-dist/fonts/type1/public/am
sfonts/cm/cmsy5.pfb></usr/local/texlive/2015/texmf-dist/fonts/type1/public/amsf
onts/cm/cmsy7.pfb></usr/local/texlive/2015/texmf-dist/fonts/type1/public/amsfon
ts/cm/cmti7.pfb></usr/local/texlive/2015/texmf-dist/fonts/type1/public/amsfonts
/cm/cmtt8.pfb></usr/local/texlive/2015/texmf-dist/fonts/type1/public/amsfonts/s
ymbols/msbm5.pfb></usr/local/texlive/2015/texmf-dist/fonts/type1/public/amsfont
s/symbols/msbm7.pfb>
Output written on "Crypto Exam 2 Sheet.pdf" (2 pages, 164464 bytes).
PDF statistics:
 63 PDF objects out of 1000 (max. 8388607)
 45 compressed objects within 1 object stream
 0 named destinations out of 1000 (max. 500000)
 1 words of extra memory for PDF output out of 10000 (max. 10000000)

